Arguments: 
  /Users/conradvanlandingham/.nvm/versions/node/v10.19.0/bin/node /usr/local/Cellar/yarn/1.22.4/libexec/bin/yarn.js

PATH: 
  /Users/conradvanlandingham/.nvm/versions/node/v10.19.0/bin:/usr/local/bin:/usr/bin:/bin:/usr/sbin:/sbin:/Library/Apple/usr/bin

Yarn version: 
  1.22.4

Node version: 
  10.19.0

Platform: 
  darwin x64

Trace: 
  Error: ENOTEMPTY: directory not empty, rmdir '/Users/conradvanlandingham/Library/Caches/Yarn/v6/npm-rxjs-5.5.12-6fa61b8a77c3d793dbaf270bee2f43f652d741cc-integrity/node_modules/rxjs'

npm manifest: 
  {
    "name": "apollos-templates",
    "scripts": {
      "start": "yarn watch:client & lerna run start --parallel",
      "watch:client": "(cd apolloschurchapp && yarn wml start)",
      "link-packages": "watchman watch-del-all && lerna run link-packages --parallel",
      "link-doctor": "node ./scripts/link-doctor.js",
      "unlink-packages": "lerna run unlink-packages --parallel",
      "lint": "lerna run lint --stream",
      "test": "lerna run test --stream",
      "ios": "lerna run ios --parallel",
      "android": "lerna run android --parallel",
      "pods": "lerna run pods --parallel"
    },
    "private": true,
    "devDependencies": {
      "lerna": "^3.20.2",
      "wml": "^0.0.83",
      "yalc": "^1.0.0-pre.35",
      "chalk": "^4.0.0"
    },
    "dependencies": {
    },
    "workspaces": {
      "packages": [
        "apolloschurchapp",
        "apollos-church-api"
      ],
      "nohoist": [
        "*",
        "**",
        "**/**"
      ]
    }
  }

yarn manifest: 
  No manifest

Lockfile: 
  No lockfile
